orlis/open_source_benchmarks/apps/com.gk.simpleworkoutjournal_3_src.tar.gz/app/build/outputs/mapping/release/seeds.txt
com.gk.simpleworkoutjournal.BuildConfig
com.gk.simpleworkoutjournal.BuildConfig: BuildConfig()
com.gk.simpleworkoutjournal.ExerciseEntrylistAdapter
com.gk.simpleworkoutjournal.ExerciseEntrylistAdapter: ExerciseEntrylistAdapter(android.content.Context,com.gk.datacontrol.DBClass)
com.gk.simpleworkoutjournal.ExerciseEntrylistAdapter: android.database.Cursor runQueryOnBackgroundThread(java.lang.CharSequence)
com.gk.simpleworkoutjournal.ExerciseEntrylistAdapter$1
com.gk.simpleworkoutjournal.ExerciseEntrylistAdapter$1: ExerciseEntrylistAdapter$1(com.gk.simpleworkoutjournal.ExerciseEntrylistAdapter)
com.gk.simpleworkoutjournal.ExerciseEntrylistAdapter$1: java.lang.CharSequence convertToString(android.database.Cursor)
com.gk.simpleworkoutjournal.NotesDialog
com.gk.simpleworkoutjournal.NotesDialog: NotesDialog()
com.gk.simpleworkoutjournal.NotesDialog: void onCreate(android.os.Bundle)
com.gk.simpleworkoutjournal.NotesDialog: void noteButtonClick(android.view.View)
com.gk.simpleworkoutjournal.R
com.gk.simpleworkoutjournal.R: R()
com.gk.simpleworkoutjournal.R$animator
com.gk.simpleworkoutjournal.R$animator: int notes_animator
com.gk.simpleworkoutjournal.R$animator: R$animator()
com.gk.simpleworkoutjournal.R$array
com.gk.simpleworkoutjournal.R$array: int periods
com.gk.simpleworkoutjournal.R$array: int points_r
com.gk.simpleworkoutjournal.R$array: int points_w
com.gk.simpleworkoutjournal.R$array: R$array()
com.gk.simpleworkoutjournal.R$attr
com.gk.simpleworkoutjournal.R$attr: int seriesColor
com.gk.simpleworkoutjournal.R$attr: int seriesData
com.gk.simpleworkoutjournal.R$attr: int seriesTitle
com.gk.simpleworkoutjournal.R$attr: int seriesType
com.gk.simpleworkoutjournal.R$attr: R$attr()
com.gk.simpleworkoutjournal.R$color
com.gk.simpleworkoutjournal.R$color: int baseColor
com.gk.simpleworkoutjournal.R$color: int baseColor_complementary
com.gk.simpleworkoutjournal.R$color: int baseColor_darker
com.gk.simpleworkoutjournal.R$color: int baseColor_darker_complementary
com.gk.simpleworkoutjournal.R$color: int baseColor_lighter
com.gk.simpleworkoutjournal.R$color: int baseColor_lighter_complementary
com.gk.simpleworkoutjournal.R$color: int baseColor_lightest
com.gk.simpleworkoutjournal.R$color: int baseColor_lightest_complementary
com.gk.simpleworkoutjournal.R$color: R$color()
com.gk.simpleworkoutjournal.R$dimen
com.gk.simpleworkoutjournal.R$dimen: int activity_horizontal_margin
com.gk.simpleworkoutjournal.R$dimen: int activity_vertical_margin
com.gk.simpleworkoutjournal.R$dimen: R$dimen()
...
android.support.v4.widget.DrawerLayout$EdgeGravity
android.support.v4.widget.DrawerLayout$LayoutParams
android.support.v4.widget.DrawerLayout$LayoutParams: DrawerLayout$LayoutParams(android.content.Context,android.util.AttributeSet)
android.support.v4.widget.DrawerLayout$LayoutParams: DrawerLayout$LayoutParams(int,int)
android.support.v4.widget.DrawerLayout$LayoutParams: DrawerLayout$LayoutParams(int,int,int)
android.support.v4.widget.DrawerLayout$LayoutParams: DrawerLayout$LayoutParams(android.support.v4.widget.DrawerLayout$LayoutParams)
android.support.v4.widget.DrawerLayout$LayoutParams: DrawerLayout$LayoutParams(android.view.ViewGroup$LayoutParams)
android.support.v4.widget.DrawerLayout$LayoutParams: DrawerLayout$LayoutParams(android.view.ViewGroup$MarginLayoutParams)
android.support.v4.widget.DrawerLayout$LockMode
android.support.v4.widget.DrawerLayout$SavedState
android.support.v4.widget.DrawerLayout$SavedState: android.os.Parcelable$Creator CREATOR
android.support.v4.widget.DrawerLayout$SavedState: DrawerLayout$SavedState(android.os.Parcel)
android.support.v4.widget.DrawerLayout$SavedState: DrawerLayout$SavedState(android.os.Parcelable)
android.support.v4.widget.DrawerLayout$SavedState: void writeToParcel(android.os.Parcel,int)
android.support.v4.widget.DrawerLayout$SavedState: void <clinit>()
android.support.v4.widget.DrawerLayout$SavedState$1
android.support.v4.widget.DrawerLayout$SavedState$1: DrawerLayout$SavedState$1()
android.support.v4.widget.DrawerLayout$SavedState$1: android.support.v4.widget.DrawerLayout$SavedState createFromParcel(android.os.Parcel)
android.support.v4.widget.DrawerLayout$SavedState$1: android.support.v4.widget.DrawerLayout$SavedState[] newArray(int)
android.support.v4.widget.DrawerLayout$SavedState$1: java.lang.Object[] newArray(int)
android.support.v4.widget.DrawerLayout$SavedState$1: java.lang.Object createFromParcel(android.os.Parcel)
android.support.v4.widget.DrawerLayout$SimpleDrawerListener
android.support.v4.widget.DrawerLayout$SimpleDrawerListener: DrawerLayout$SimpleDrawerListener()
android.support.v4.widget.DrawerLayout$SimpleDrawerListener: void onDrawerSlide(android.view.View,float)
android.support.v4.widget.DrawerLayout$SimpleDrawerListener: void onDrawerOpened(android.view.View)
android.support.v4.widget.DrawerLayout$SimpleDrawerListener: void onDrawerClosed(android.view.View)
android.support.v4.widget.DrawerLayout$SimpleDrawerListener: void onDrawerStateChanged(int)
android.support.v4.widget.DrawerLayout$State
android.support.v4.widget.DrawerLayout$ViewDragCallback
android.support.v4.widget.DrawerLayout$ViewDragCallback: DrawerLayout$ViewDragCallback(android.support.v4.widget.DrawerLayout,int)
android.support.v4.widget.DrawerLayout$ViewDragCallback: void setDragger(android.support.v4.widget.ViewDragHelper)
android.support.v4.widget.DrawerLayout$ViewDragCallback: void removeCallbacks()
android.support.v4.widget.DrawerLayout$ViewDragCallback: boolean tryCaptureView(android.view.View,int)
android.support.v4.widget.DrawerLayout$ViewDragCallback: void onViewDragStateChanged(int)
android.support.v4.widget.DrawerLayout$ViewDragCallback: void onViewPositionChanged(android.view.View,int,int,int,int)
android.support.v4.widget.DrawerLayout$ViewDragCallback: void onViewCaptured(android.view.View,int)
android.support.v4.widget.DrawerLayout$ViewDragCallback: void closeOtherDrawer()
android.support.v4.widget.DrawerLayout$ViewDragCallback: void onViewReleased(android.view.View,float,float)
android.support.v4.widget.DrawerLayout$ViewDragCallback: void onEdgeTouched(int,int)
android.support.v4.widget.DrawerLayout$ViewDragCallback: void peekDrawer()
android.support.v4.widget.DrawerLayout$ViewDragCallback: boolean onEdgeLock(int)
android.support.v4.widget.DrawerLayout$ViewDragCallback: void onEdgeDragStarted(int,int)
android.support.v4.widget.DrawerLayout$ViewDragCallback: int getViewHorizontalDragRange(android.view.View)