orlis/open_source_benchmarks/apps/com.gk.simpleworkoutjournal_3_src.tar.gz/app/build/outputs/mapping/release/mapping.txt
com.gk.simpleworkoutjournal.ExerciseEntrylistAdapter -> com.gk.simpleworkoutjournal.ExerciseEntrylistAdapter:
    com.gk.datacontrol.DBClass mDbmediator -> a
    void <init>(android.content.Context,com.gk.datacontrol.DBClass) -> <init>
    android.database.Cursor runQueryOnBackgroundThread(java.lang.CharSequence) -> runQueryOnBackgroundThread
com.gk.simpleworkoutjournal.ExerciseEntrylistAdapter$1 -> com.gk.simpleworkoutjournal.ExerciseEntrylistAdapter$1:
    com.gk.simpleworkoutjournal.ExerciseEntrylistAdapter this$0 -> a
    void <init>(com.gk.simpleworkoutjournal.ExerciseEntrylistAdapter) -> <init>
    java.lang.CharSequence convertToString(android.database.Cursor) -> convertToString
com.gk.simpleworkoutjournal.NotesDialog -> com.gk.simpleworkoutjournal.NotesDialog:
    android.widget.EditText noteEdit -> a
    android.content.Intent notesIntent -> b
    java.lang.String note -> c
    void <init>() -> <init>
    void onCreate(android.os.Bundle) -> onCreate
    void noteButtonClick(android.view.View) -> noteButtonClick
com.gk.simpleworkoutjournal.WJContext -> com.gk.simpleworkoutjournal.WJContext:
    com.gk.simpleworkoutjournal.WorkoutJournal activity -> a
    com.gk.simpleworkoutjournal.WorkoutDataAdapter$Subject contextSubj -> b
    android.widget.LinearLayout actionModeZone -> c
    android.widget.Button ctxDeleteLogBtn -> d
    android.widget.Button ctxCopyBtn -> e
    android.widget.ImageButton ctxCancelBtn -> f
    android.widget.ImageButton ctxAddBtn -> g
    android.widget.EditText ctxEditRepsField -> h
    android.widget.EditText ctxEditWeightField -> i
    android.widget.AutoCompleteTextView ctxEditExField -> j
    android.view.ActionMode thisActionMode -> k
    java.lang.String idOfSelected -> l
    void <init>(com.gk.simpleworkoutjournal.WorkoutJournal,com.gk.simpleworkoutjournal.WorkoutDataAdapter$Subject) -> <init>
    boolean onActionItemClicked(android.view.ActionMode,android.view.MenuItem) -> onActionItemClicked
    boolean onCreateActionMode(android.view.ActionMode,android.view.Menu) -> onCreateActionMode
    void onDestroyActionMode(android.view.ActionMode) -> onDestroyActionMode
    boolean onPrepareActionMode(android.view.ActionMode,android.view.Menu) -> onPrepareActionMode
    void onItemCheckedStateChanged(android.view.ActionMode,int,long,boolean) -> onItemCheckedStateChanged
    void copyButtonPressed() -> copyButtonPressed
    void onDeleteLogEntriesPressed() -> onDeleteLogEntriesPressed
    void onRestoreContextLookBtnPressed() -> onRestoreContextLookBtnPressed
com.gk.simpleworkoutjournal.WJContext$1 -> com.gk.simpleworkoutjournal.WJContext$1:
    int[] $SwitchMap$com$gk$simpleworkoutjournal$WorkoutDataAdapter$Subject -> a
    void <clinit>() -> <clinit>
...
com.jjoe64.graphview.Viewport -> com.jjoe64.graphview.Viewport:
    android.view.ScaleGestureDetector$OnScaleGestureListener mScaleGestureListener -> j
    android.view.GestureDetector$SimpleOnGestureListener mGestureListener -> k
    android.graphics.Paint mPaint -> l
    com.jjoe64.graphview.GraphView mGraphView -> m
    android.graphics.RectF mCurrentViewport -> a
    android.graphics.RectF mCompleteRange -> b
    boolean mScalingActive -> c
    float mScalingBeginWidth -> d
    float mScalingBeginLeft -> e
    boolean mIsScrollable -> n
    boolean mIsScalable -> o
    android.view.GestureDetector mGestureDetector -> f
    android.view.ScaleGestureDetector mScaleGestureDetector -> g
    android.widget.OverScroller mScroller -> h
    android.support.v4.widget.EdgeEffectCompat mEdgeEffectTop -> p
    android.support.v4.widget.EdgeEffectCompat mEdgeEffectBottom -> q
    android.support.v4.widget.EdgeEffectCompat mEdgeEffectLeft -> r
    android.support.v4.widget.EdgeEffectCompat mEdgeEffectRight -> s
    boolean mEdgeEffectBottomActive -> t
    boolean mEdgeEffectLeftActive -> u
    boolean mEdgeEffectRightActive -> v
    android.graphics.RectF mScrollerStartViewport -> w
    float mScrollingReferenceX -> i
    com.jjoe64.graphview.Viewport$AxisBoundsStatus mXAxisBoundsStatus -> x
    com.jjoe64.graphview.Viewport$AxisBoundsStatus mYAxisBoundsStatus -> y
    boolean mXAxisBoundsManual -> z
    boolean mYAxisBoundsManual -> A
    int mBackgroundColor -> B
com.jjoe64.graphview.Viewport$1 -> com.jjoe64.graphview.Viewport$1:
    com.jjoe64.graphview.Viewport this$0 -> a
    void <init>(com.jjoe64.graphview.Viewport) -> <init>
    boolean onScale(android.view.ScaleGestureDetector) -> onScale
    boolean onScaleBegin(android.view.ScaleGestureDetector) -> onScaleBegin
    void onScaleEnd(android.view.ScaleGestureDetector) -> onScaleEnd
com.jjoe64.graphview.Viewport$2 -> com.jjoe64.graphview.Viewport$2:
    com.jjoe64.graphview.Viewport this$0 -> a
    void <init>(com.jjoe64.graphview.Viewport) -> <init>
    boolean onDown(android.view.MotionEvent) -> onDown
    boolean onScroll(android.view.MotionEvent,android.view.MotionEvent,float,float) -> onScroll
    boolean onFling(android.view.MotionEvent,android.view.MotionEvent,float,float) -> onFling
com.jjoe64.graphview.Viewport$AxisBoundsStatus -> com.jjoe64.graphview.Viewport$AxisBoundsStatus:
    com.jjoe64.graphview.Viewport$AxisBoundsStatus INITIAL -> a
    com.jjoe64.graphview.Viewport$AxisBoundsStatus AUTO_ADJUSTED -> b
    com.jjoe64.graphview.Viewport$AxisBoundsStatus READJUST_AFTER_SCALE -> c
    com.jjoe64.graphview.Viewport$AxisBoundsStatus FIX -> d
    com.jjoe64.graphview.Viewport$AxisBoundsStatus[] $VALUES -> e
    com.jjoe64.graphview.Viewport$AxisBoundsStatus[] values() -> values
    com.jjoe64.graphview.Viewport$AxisBoundsStatus valueOf(java.lang.String) -> valueOf
    void <init>(java.lang.String,int) -> <init>
    void <clinit>() -> <clinit>
com.jjoe64.graphview.helper.DateAsXAxisLabelFormatter -> com.jjoe64.graphview.helper.DateAsXAxisLabelFormatter:
    java.text.DateFormat mDateFormat -> c
    java.util.Calendar mCalendar -> d
    void <init>(android.content.Context,java.text.DateFormat) -> <init>
    java.lang.String formatLabel(double,boolean) -> formatLabel