orlis/open_source_benchmarks/apps/com.gk.simpleworkoutjournal_3_src.tar.gz/app/build/outputs/mapping/release/usage.txt
com.gk.simpleworkoutjournal.BuildConfig
com.gk.simpleworkoutjournal.NotesDialog:
    public static final java.lang.String APP_NAME
    private static final boolean DEBUG_FLAG
com.gk.simpleworkoutjournal.R
com.gk.simpleworkoutjournal.R$animator
com.gk.simpleworkoutjournal.R$array
com.gk.simpleworkoutjournal.R$attr
com.gk.simpleworkoutjournal.R$color
com.gk.simpleworkoutjournal.R$dimen
com.gk.simpleworkoutjournal.R$drawable
com.gk.simpleworkoutjournal.R$id
com.gk.simpleworkoutjournal.R$layout
com.gk.simpleworkoutjournal.R$menu
com.gk.simpleworkoutjournal.R$string
com.gk.simpleworkoutjournal.R$style
com.gk.simpleworkoutjournal.R$styleable
com.gk.simpleworkoutjournal.R$xml
com.gk.simpleworkoutjournal.WJContext:
    private static final java.lang.String APP_NAME
    private static final boolean DEBUG_FLAG
com.gk.simpleworkoutjournal.WorkoutDataAdapter:
    private static final java.lang.String APP_NAME
    private static final boolean DEBUG_FLAG
com.gk.simpleworkoutjournal.WorkoutJournal:
    private static final java.lang.String APP_NAME
    private static final boolean DEBUG_FLAG
    public static final int EXERCISES
    public static final int SETS
com.gk.simpleworkoutjournal.WorkoutTimer
com.gk.simpleworkoutjournal.WorkoutTimer$1
com.gk.simpleworkoutjournal.WorkoutTimer$TimeRunner
com.gk.simpleworkoutjournal.WorkoutTimer$TimeRunner$uiTimerUpdater
com.gk.simpleworkoutjournal.WorkoutTimer$timerState
...
android.support.v4.media.VolumeProviderCompat
android.support.v4.media.VolumeProviderCompat$1
android.support.v4.media.VolumeProviderCompat$Callback
android.support.v4.media.VolumeProviderCompatApi21
android.support.v4.media.VolumeProviderCompatApi21$1
android.support.v4.media.VolumeProviderCompatApi21$Delegate
android.support.v4.media.routing.MediaRouterJellybean
android.support.v4.media.routing.MediaRouterJellybean$Callback
android.support.v4.media.routing.MediaRouterJellybean$CallbackProxy
android.support.v4.media.routing.MediaRouterJellybean$GetDefaultRouteWorkaround
android.support.v4.media.routing.MediaRouterJellybean$RouteCategory
android.support.v4.media.routing.MediaRouterJellybean$RouteGroup
android.support.v4.media.routing.MediaRouterJellybean$RouteInfo
android.support.v4.media.routing.MediaRouterJellybean$SelectRouteWorkaround
android.support.v4.media.routing.MediaRouterJellybean$UserRouteInfo
android.support.v4.media.routing.MediaRouterJellybean$VolumeCallback
android.support.v4.media.routing.MediaRouterJellybean$VolumeCallbackProxy
android.support.v4.media.routing.MediaRouterJellybeanMr1
android.support.v4.media.routing.MediaRouterJellybeanMr1$ActiveScanWorkaround
android.support.v4.media.routing.MediaRouterJellybeanMr1$Callback
android.support.v4.media.routing.MediaRouterJellybeanMr1$CallbackProxy
android.support.v4.media.routing.MediaRouterJellybeanMr1$IsConnectingWorkaround
android.support.v4.media.routing.MediaRouterJellybeanMr1$RouteInfo
android.support.v4.media.routing.MediaRouterJellybeanMr2
android.support.v4.media.routing.MediaRouterJellybeanMr2$RouteInfo
android.support.v4.media.routing.MediaRouterJellybeanMr2$UserRouteInfo
android.support.v4.media.session.MediaControllerCompat
android.support.v4.media.session.MediaControllerCompat$1
android.support.v4.media.session.MediaControllerCompat$Callback
android.support.v4.media.session.MediaControllerCompat$Callback$StubApi21
android.support.v4.media.session.MediaControllerCompat$MediaControllerImpl
android.support.v4.media.session.MediaControllerCompat$MediaControllerImplApi21
android.support.v4.media.session.MediaControllerCompat$MediaControllerImplBase
android.support.v4.media.session.MediaControllerCompat$PlaybackInfo
android.support.v4.media.session.MediaControllerCompat$TransportControls
android.support.v4.media.session.MediaControllerCompat$TransportControlsApi21
android.support.v4.media.session.MediaControllerCompatApi21
android.support.v4.media.session.MediaControllerCompatApi21$Callback
android.support.v4.media.session.MediaControllerCompatApi21$CallbackProxy
android.support.v4.media.session.MediaControllerCompatApi21$PlaybackInfo
android.support.v4.media.session.MediaControllerCompatApi21$TransportControls
android.support.v4.media.session.MediaSessionCompat
android.support.v4.media.session.MediaSessionCompat$1
android.support.v4.media.session.MediaSessionCompat$Callback
android.support.v4.media.session.MediaSessionCompat$Callback$StubApi21
android.support.v4.media.session.MediaSessionCompat$MediaSessionImpl
android.support.v4.media.session.MediaSessionCompat$MediaSessionImplApi21
android.support.v4.media.session.MediaSessionCompat$MediaSessionImplBase
android.support.v4.media.session.MediaSessionCompat$Token
android.support.v4.media.session.MediaSessionCompat$Token$1
android.support.v4.media.session.MediaSessionCompatApi21
android.support.v4.media.session.MediaSessionCompatApi21$Callback
android.support.v4.media.session.MediaSessionCompatApi21$CallbackProxy
android.support.v4.media.session.PlaybackStateCompat
android.support.v4.media.session.PlaybackStateCompat$1
android.support.v4.media.session.PlaybackStateCompat$Builder
android.support.v4.media.session.PlaybackStateCompatApi21
android.support.v4.net.ConnectivityManagerCompat
android.support.v4.net.ConnectivityManagerCompat$BaseConnectivityManagerCompatImpl
android.support.v4.net.ConnectivityManagerCompat$ConnectivityManagerCompatImpl